2019-02-18 15:36:34,376 INFO login.test_Login Line:31 测试用例名称:test_login1
2019-02-18 15:36:34,377 INFO login.test_Login Line:32 测试用例说明:正常登陆的case
2019-02-18 15:36:36,432 INFO login.test_Login Line:34 use_name:kimliu@iappsasia.com
2019-02-18 15:36:36,432 INFO login.test_Login Line:35 driver <selenium.webdriver.chrome.webdriver.WebDriver (session="ff15ec027a03c3b6137bb3bc6d5d74a7")>
2019-02-18 15:36:36,432 INFO loginPage.setUserName Line:8 use_name:driver <selenium.webdriver.chrome.webdriver.WebDriver (session="ff15ec027a03c3b6137bb3bc6d5d74a7")>
2019-02-18 15:36:47,348 INFO login.test_Login Line:44 实际结果的值是:True
2019-02-18 15:36:47,348 INFO login.test_Login Line:45 预期结果的值是:1
2019-02-18 15:36:48,536 INFO login.test_Login Line:49 info登录成功....True
2019-02-18 15:36:48,751 INFO login.test_Login Line:54 登录失败....Message: element not interactable
  (Session info: chrome=72.0.3626.109)
  (Driver info: chromedriver=2.44.609538 (b655c5a60b0b544917107a59d4153d4bf78e1b90),platform=Windows NT 6.1.7601 SP1 x86_64)

2019-02-18 15:37:00,978 INFO login.test_Login Line:31 测试用例名称:test_login2
2019-02-18 15:37:00,978 INFO login.test_Login Line:32 测试用例说明:用户名错误,密码正确的case
2019-02-18 15:37:02,978 INFO login.test_Login Line:34 use_name:zhangzi@newborntown.com
2019-02-18 15:37:02,978 INFO login.test_Login Line:35 driver <selenium.webdriver.chrome.webdriver.WebDriver (session="ec4ad2be956d67b0035941922b65818a")>
2019-02-18 15:37:02,978 INFO loginPage.setUserName Line:8 use_name:driver <selenium.webdriver.chrome.webdriver.WebDriver (session="ec4ad2be956d67b0035941922b65818a")>
2019-02-18 15:37:16,644 INFO login.test_Login Line:31 测试用例名称:test_login3
2019-02-18 15:37:16,644 INFO login.test_Login Line:32 测试用例说明:用户名正确,密码错误的case
2019-02-18 15:37:18,644 INFO login.test_Login Line:34 use_name:zhangzichao@newborntown.com
2019-02-18 15:37:18,644 INFO login.test_Login Line:35 driver <selenium.webdriver.chrome.webdriver.WebDriver (session="231f68f8d8ea6098f7903ea6ba724f88")>
2019-02-18 15:37:18,644 INFO loginPage.setUserName Line:8 use_name:driver <selenium.webdriver.chrome.webdriver.WebDriver (session="231f68f8d8ea6098f7903ea6ba724f88")>
2019-02-18 15:37:29,719 INFO runCase.<module> Line:33 邮件发送成功!
